{"content": {"suites": {"0": {"status": {}, "tests": {"0": {"status": "PASS", "message": "", "test_name": "test_crawl_website", "rerun": "0"}, "1": {"status": "PASS", "message": "", "test_name": "test_dashboardcheck", "rerun": "0"}, "2": {"status": "FAIL", "message": "   selenium.common.exceptions.ElementNotInteractableException: Message: element not interactable\n     (Session info: chrome=124.0.6367.60)\n   Stacktrace:\n   #0 0x635c4a8ffcb3 <unknown>\n   #1 0x635c4a5ee2f7 <unknown>\n   #2 0x635c4a63a3aa <unknown>\n   #3 0x635c4a62e1c9 <unknown>\n   #4 0x635c4a65b412 <unknown>\n   #5 0x635c4a62db58 <unknown>\n   #6 0x635c4a65b5de <unknown>\n   #7 0x635c4a679be9 <unknown>\n   #8 0x635c4a65b1b3 <unknown>\n   #9 0x635c4a62c24a <unknown>\n   #10 0x635c4a62cc1e <unknown>\n   #11 0x635c4a8c3fdb <unknown>\n   #12 0x635c4a8c7f2b <unknown>\n   #13 0x635c4a8b00f1 <unknown>\n   #14 0x635c4a8c8a92 <unknown>\n   #15 0x635c4a894faf <unknown>\n   #16 0x635c4a8eee08 <unknown>\n   #17 0x635c4a8eefe0 <unknown>\n   #18 0x635c4a8fee04 <unknown>\n   #19 0x7e112fa94ac3 <unknown>\n", "test_name": "test_ctacheck", "rerun": "0"}, "3": {"status": "FAIL", "message": "   AssertionError: assert 'https://www....-loan/courses' == 'https://www....sion]/courses'\n     \n     Skipping 49 identical leading characters in diff, use -v to show\n     - -vadodara-[admission]/courses\n     ?           ^ ------- -\n     + -vadodara-loan/courses\n     ?           ^^\n", "test_name": "test_caf", "rerun": "0"}, "4": {"status": "FAIL", "message": "   selenium.common.exceptions.JavascriptException: Message: javascript error: {\"status\":60,\"value\":\"[object HTMLImageElement] has no size and location\"}\n     (Session info: chrome=124.0.6367.60)\n   Stacktrace:\n   #0 0x607d54750cb3 <unknown>\n   #1 0x607d5443f4a7 <unknown>\n   #2 0x607d54444a5c <unknown>\n   #3 0x607d544467af <unknown>\n   #4 0x607d5444683c <unknown>\n   #5 0x607d544904cd <unknown>\n   #6 0x607d5448f8b6 <unknown>\n   #7 0x607d544d34d5 <unknown>\n   #8 0x607d544ac412 <unknown>\n   #9 0x607d544cabe9 <unknown>\n   #10 0x607d544ac1b3 <unknown>\n   #11 0x607d5447d24a <unknown>\n   #12 0x607d5447dc1e <unknown>\n   #13 0x607d54714fdb <unknown>\n   #14 0x607d54718f2b <unknown>\n   #15 0x607d547010f1 <unknown>\n   #16 0x607d54719a92 <unknown>\n   #17 0x607d546e5faf <unknown>\n   #18 0x607d5473fe08 <unknown>\n   #19 0x607d5473ffe0 <unknown>\n   #20 0x607d5474fe04 <unknown>\n   #21 0x762b19c94ac3 <unknown>\n", "test_name": "test_login", "rerun": "0"}, "5": {"status": "PASS", "message": "", "test_name": "test_loginotp", "rerun": "0"}, "6": {"status": "FAIL", "message": "       IndexError: single positional indexer is out-of-bounds\n", "test_name": "test_signup", "rerun": "0"}, "7": {"status": "PASS", "message": "", "test_name": "test_schemavalidate", "rerun": "0"}, "8": {"status": "PASS", "message": "", "test_name": "test_process_language", "rerun": "0"}}, "suite_name": "test_suite.py"}, "2": {"suite_name": "test_suite.py", "tests": {"0": {"status": "FAIL", "message": "       _pytest.config.exceptions.UsageError: file or directory not found: Test_WebsiteCrawler\n   KeyError: 'tests'\n", "test_name": "test_testsuit", "rerun": "0"}}, "status": {"total_pass": 5, "total_skip": 0, "total_xpass": 0, "total_xfail": 0, "total_rerun": 0, "total_fail": 1, "total_error": 0}}}}, "date": "May 07, 2024", "start_time": 1715074677.3208473, "total_suite": 3, "status": "FAIL", "status_list": {"pass": "5", "fail": "1", "skip": "0", "error": "0", "xpass": "0", "xfail": "0", "rerun": "0"}, "total_tests": "6"}