{"content": {"suites": {"0": {"status": {"total_pass": 0, "total_skip": 0, "total_xpass": 0, "total_xfail": 0, "total_rerun": 0, "total_fail": 1, "total_error": 0}, "tests": {"0": {"status": "FAIL", "message": "       selenium.common.exceptions.UnexpectedTagNameException: Message: Select only works on <select> elements, not on <input>\n   selenium.common.exceptions.NoSuchElementException: Message: no such element: Unable to locate element: {\"method\":\"xpath\",\"selector\":\"//select[@name='stream']\"}\n     (Session info: chrome=109.0.5414.74)\n", "test_name": "test_newsboard", "rerun": "0"}}, "suite_name": "test_newsboard.py"}}}, "date": "March 01, 2023", "start_time": 1677672627.7701395, "total_suite": 1, "status": "FAIL", "status_list": {"pass": "0", "fail": "1", "skip": "0", "error": "0", "xpass": "0", "xfail": "0", "rerun": "0"}, "total_tests": "1"}