{"content": {"suites": {"0": {"status": {"total_pass": 0, "total_skip": 0, "total_xpass": 0, "total_xfail": 0, "total_rerun": 0, "total_fail": 1, "total_error": 0}, "tests": {"0": {"status": "FAIL", "message": "   selenium.common.exceptions.NoSuchElementException: Message: no such element: Unable to locate element: {\"method\":\"xpath\",\"selector\":\"//button[@type='submit'][normalize-space()='Subscribe Now']\"}\n     (Session info: chrome=108.0.5359.98)\n   Stacktrace:\n   #0 0x5555bb3fa2a3 <unknown>\n   #1 0x5555bb1b8f77 <unknown>\n   #2 0x5555bb1f580c <unknown>\n   #3 0x5555bb1f5a71 <unknown>\n   #4 0x5555bb22f734 <unknown>\n   #5 0x5555bb215b5d <unknown>\n   #6 0x5555bb22d47c <unknown>\n   #7 0x5555bb215903 <unknown>\n   #8 0x5555bb1e8ece <unknown>\n   #9 0x5555bb1e9fde <unknown>\n   #10 0x5555bb44a63e <unknown>\n   #11 0x5555bb44db79 <unknown>\n   #12 0x5555bb43089e <unknown>\n   #13 0x5555bb44ea83 <unknown>\n   #14 0x5555bb423505 <unknown>\n   #15 0x5555bb46fca8 <unknown>\n   #16 0x5555bb46fe36 <unknown>\n   #17 0x5555bb48b333 <unknown>\n   #18 0x7fec2a895609 start_thread\n   selenium.common.exceptions.NoSuchElementException: Message: no such element: Unable to locate element: {\"method\":\"xpath\",\"selector\":\"//button[@type='submit'][normalize-space()='Register Now']\"}\n     (Session info: chrome=108.0.5359.98)\n   Stacktrace:\n   #0 0x5555bb3fa2a3 <unknown>\n   #1 0x5555bb1b8f77 <unknown>\n   #2 0x5555bb1f580c <unknown>\n   #3 0x5555bb1f5a71 <unknown>\n   #4 0x5555bb22f734 <unknown>\n   #5 0x5555bb215b5d <unknown>\n   #6 0x5555bb22d47c <unknown>\n   #7 0x5555bb215903 <unknown>\n   #8 0x5555bb1e8ece <unknown>\n   #9 0x5555bb1e9fde <unknown>\n   #10 0x5555bb44a63e <unknown>\n   #11 0x5555bb44db79 <unknown>\n   #12 0x5555bb43089e <unknown>\n   #13 0x5555bb44ea83 <unknown>\n   #14 0x5555bb423505 <unknown>\n   #15 0x5555bb46fca8 <unknown>\n   #16 0x5555bb46fe36 <unknown>\n   #17 0x5555bb48b333 <unknown>\n   #18 0x7fec2a895609 start_thread\n   selenium.common.exceptions.NoSuchElementException: Message: no such element: Unable to locate element: {\"method\":\"xpath\",\"selector\":\"//button[normalize-space()='Next']\"}\n     (Session info: chrome=108.0.5359.98)\n   Stacktrace:\n   #0 0x5555bb3fa2a3 <unknown>\n   #1 0x5555bb1b8f77 <unknown>\n   #2 0x5555bb1f580c <unknown>\n   #3 0x5555bb1f5a71 <unknown>\n   #4 0x5555bb22f734 <unknown>\n   #5 0x5555bb215b5d <unknown>\n   #6 0x5555bb22d47c <unknown>\n   #7 0x5555bb215903 <unknown>\n   #8 0x5555bb1e8ece <unknown>\n   #9 0x5555bb1e9fde <unknown>\n   #10 0x5555bb44a63e <unknown>\n   #11 0x5555bb44db79 <unknown>\n   #12 0x5555bb43089e <unknown>\n   #13 0x5555bb44ea83 <unknown>\n   #14 0x5555bb423505 <unknown>\n   #15 0x5555bb46fca8 <unknown>\n   #16 0x5555bb46fe36 <unknown>\n   #17 0x5555bb48b333 <unknown>\n   #18 0x7fec2a895609 start_thread\n", "test_name": "test_cta_homepage", "rerun": "0"}}, "suite_name": "test_deskhomepage.py"}}}, "date": "December 12, 2022", "start_time": 1670842746.3210406, "total_suite": 1, "status": "FAIL", "status_list": {"pass": "0", "fail": "1", "skip": "0", "error": "0", "xpass": "0", "xfail": "0", "rerun": "0"}, "total_tests": "1"}