{"content": {"suites": {"0": {"status": {"total_pass": 0, "total_skip": 0, "total_xpass": 0, "total_xfail": 0, "total_rerun": 0, "total_fail": 1, "total_error": 0}, "tests": {"0": {"status": "FAIL", "message": "   selenium.common.exceptions.NoSuchElementException: Message: no such element: Unable to locate element: {\"method\":\"xpath\",\"selector\":\"//button[@type='submit'][normalize-space()='Subscribe Now']\"}\n     (Session info: chrome=108.0.5359.98)\n   Stacktrace:\n   #0 0x55cf242172a3 <unknown>\n   #1 0x55cf23fd5f77 <unknown>\n   #2 0x55cf2401280c <unknown>\n   #3 0x55cf24012a71 <unknown>\n   #4 0x55cf2404c734 <unknown>\n   #5 0x55cf24032b5d <unknown>\n   #6 0x55cf2404a47c <unknown>\n   #7 0x55cf24032903 <unknown>\n   #8 0x55cf24005ece <unknown>\n   #9 0x55cf24006fde <unknown>\n   #10 0x55cf2426763e <unknown>\n   #11 0x55cf2426ab79 <unknown>\n   #12 0x55cf2424d89e <unknown>\n   #13 0x55cf2426ba83 <unknown>\n   #14 0x55cf24240505 <unknown>\n   #15 0x55cf2428cca8 <unknown>\n   #16 0x55cf2428ce36 <unknown>\n   #17 0x55cf242a8333 <unknown>\n   #18 0x7f85f51ce609 start_thread\n   selenium.common.exceptions.NoSuchElementException: Message: no such element: Unable to locate element: {\"method\":\"xpath\",\"selector\":\"//button[@type='submit'][normalize-space()='Register Now']\"}\n     (Session info: chrome=108.0.5359.98)\n   Stacktrace:\n   #0 0x55cf242172a3 <unknown>\n   #1 0x55cf23fd5f77 <unknown>\n   #2 0x55cf2401280c <unknown>\n   #3 0x55cf24012a71 <unknown>\n   #4 0x55cf2404c734 <unknown>\n   #5 0x55cf24032b5d <unknown>\n   #6 0x55cf2404a47c <unknown>\n   #7 0x55cf24032903 <unknown>\n   #8 0x55cf24005ece <unknown>\n   #9 0x55cf24006fde <unknown>\n   #10 0x55cf2426763e <unknown>\n   #11 0x55cf2426ab79 <unknown>\n   #12 0x55cf2424d89e <unknown>\n   #13 0x55cf2426ba83 <unknown>\n   #14 0x55cf24240505 <unknown>\n   #15 0x55cf2428cca8 <unknown>\n   #16 0x55cf2428ce36 <unknown>\n   #17 0x55cf242a8333 <unknown>\n   #18 0x7f85f51ce609 start_thread\n   selenium.common.exceptions.NoSuchElementException: Message: no such element: Unable to locate element: {\"method\":\"css selector\",\"selector\":\"[id=\"gtm_loginVerify\"]\"}\n     (Session info: chrome=108.0.5359.98)\n   Stacktrace:\n   #0 0x55cf242172a3 <unknown>\n   #1 0x55cf23fd5f77 <unknown>\n   #2 0x55cf2401280c <unknown>\n   #3 0x55cf24012a71 <unknown>\n   #4 0x55cf2404c734 <unknown>\n   #5 0x55cf24032b5d <unknown>\n   #6 0x55cf2404a47c <unknown>\n   #7 0x55cf24032903 <unknown>\n   #8 0x55cf24005ece <unknown>\n   #9 0x55cf24006fde <unknown>\n   #10 0x55cf2426763e <unknown>\n   #11 0x55cf2426ab79 <unknown>\n   #12 0x55cf2424d89e <unknown>\n   #13 0x55cf2426ba83 <unknown>\n   #14 0x55cf24240505 <unknown>\n   #15 0x55cf2428cca8 <unknown>\n   #16 0x55cf2428ce36 <unknown>\n   #17 0x55cf242a8333 <unknown>\n   #18 0x7f85f51ce609 start_thread\n", "test_name": "test_cta_homepage", "rerun": "0"}}, "suite_name": "test_deskhomepage.py"}}}, "date": "December 12, 2022", "start_time": 1670843044.5902872, "total_suite": 1, "status": "FAIL", "status_list": {"pass": "0", "fail": "1", "skip": "0", "error": "0", "xpass": "0", "xfail": "0", "rerun": "0"}, "total_tests": "1"}